2018-09-08 17:30:37.249  INFO 2300 --- [main] c.l.SpringBoot03LoggingApplicationTests  : Starting SpringBoot03LoggingApplicationTests on LiangYong with PID 2300 (started by Liang in E:\Workspace\SpringBoot\spring-boot-03-logging)
2018-09-08 17:30:37.250 DEBUG 2300 --- [main] c.l.SpringBoot03LoggingApplicationTests  : Running with Spring Boot v2.0.4.RELEASE, Spring v5.0.8.RELEASE
2018-09-08 17:30:37.253  INFO 2300 --- [main] c.l.SpringBoot03LoggingApplicationTests  : No active profile set, falling back to default profiles: default
2018-09-08 17:30:37.362  INFO 2300 --- [main] o.s.w.c.s.GenericWebApplicationContext   : Refreshing org.springframework.web.context.support.GenericWebApplicationContext@19e4653c: startup date [Sat Sep 08 17:30:37 CST 2018]; root of context hierarchy
2018-09-08 17:30:39.623  INFO 2300 --- [main] o.s.w.s.handler.SimpleUrlHandlerMapping  : Mapped URL path [/**/favicon.ico] onto handler of type [class org.springframework.web.servlet.resource.ResourceHttpRequestHandler]
2018-09-08 17:30:39.811  INFO 2300 --- [main] s.w.s.m.m.a.RequestMappingHandlerAdapter : Looking for @ControllerAdvice: org.springframework.web.context.support.GenericWebApplicationContext@19e4653c: startup date [Sat Sep 08 17:30:37 CST 2018]; root of context hierarchy
2018-09-08 17:30:39.931  INFO 2300 --- [main] s.w.s.m.m.a.RequestMappingHandlerMapping : Mapped "{[/error]}" onto public org.springframework.http.ResponseEntity<java.util.Map<java.lang.String, java.lang.Object>> org.springframework.boot.autoconfigure.web.servlet.error.BasicErrorController.error(javax.servlet.http.HttpServletRequest)
2018-09-08 17:30:39.934  INFO 2300 --- [main] s.w.s.m.m.a.RequestMappingHandlerMapping : Mapped "{[/error],produces=[text/html]}" onto public org.springframework.web.servlet.ModelAndView org.springframework.boot.autoconfigure.web.servlet.error.BasicErrorController.errorHtml(javax.servlet.http.HttpServletRequest,javax.servlet.http.HttpServletResponse)
2018-09-08 17:30:39.992  INFO 2300 --- [main] o.s.w.s.handler.SimpleUrlHandlerMapping  : Mapped URL path [/webjars/**] onto handler of type [class org.springframework.web.servlet.resource.ResourceHttpRequestHandler]
2018-09-08 17:30:39.993  INFO 2300 --- [main] o.s.w.s.handler.SimpleUrlHandlerMapping  : Mapped URL path [/**] onto handler of type [class org.springframework.web.servlet.resource.ResourceHttpRequestHandler]
2018-09-08 17:30:40.430  INFO 2300 --- [main] c.l.SpringBoot03LoggingApplicationTests  : Started SpringBoot03LoggingApplicationTests in 3.627 seconds (JVM running for 4.713)
2018-09-08 17:30:40.525 TRACE 2300 --- [main] c.l.SpringBoot03LoggingApplicationTests  : 这是trace
2018-09-08 17:30:40.526 DEBUG 2300 --- [main] c.l.SpringBoot03LoggingApplicationTests  : 这是debug
2018-09-08 17:30:40.526  INFO 2300 --- [main] c.l.SpringBoot03LoggingApplicationTests  : 这是info
2018-09-08 17:30:40.526  WARN 2300 --- [main] c.l.SpringBoot03LoggingApplicationTests  : 这是warn
2018-09-08 17:30:40.526 ERROR 2300 --- [main] c.l.SpringBoot03LoggingApplicationTests  : 这是error
2018-09-08 17:30:40.547  INFO 2300 --- [Thread-2] o.s.w.c.s.GenericWebApplicationContext   : Closing org.springframework.web.context.support.GenericWebApplicationContext@19e4653c: startup date [Sat Sep 08 17:30:37 CST 2018]; root of context hierarchy
2018-09-08 === [main] === INFO  === com.ly.SpringBoot03LoggingApplicationTests ==== Starting SpringBoot03LoggingApplicationTests on LiangYong with PID 11604 (started by Liang in E:\Workspace\SpringBoot\spring-boot-03-logging)
2018-09-08 === [main] === DEBUG === com.ly.SpringBoot03LoggingApplicationTests ==== Running with Spring Boot v2.0.4.RELEASE, Spring v5.0.8.RELEASE
2018-09-08 === [main] === INFO  === com.ly.SpringBoot03LoggingApplicationTests ==== No active profile set, falling back to default profiles: default
2018-09-08 === [main] === INFO  === o.s.w.context.support.GenericWebApplicationContext ==== Refreshing org.springframework.web.context.support.GenericWebApplicationContext@19e4653c: startup date [Sat Sep 08 17:41:11 CST 2018]; root of context hierarchy
2018-09-08 === [main] === INFO  === o.s.web.servlet.handler.SimpleUrlHandlerMapping ==== Mapped URL path [/**/favicon.ico] onto handler of type [class org.springframework.web.servlet.resource.ResourceHttpRequestHandler]
2018-09-08 === [main] === INFO  === o.s.w.s.m.m.a.RequestMappingHandlerAdapter ==== Looking for @ControllerAdvice: org.springframework.web.context.support.GenericWebApplicationContext@19e4653c: startup date [Sat Sep 08 17:41:11 CST 2018]; root of context hierarchy
2018-09-08 === [main] === INFO  === o.s.w.s.m.m.a.RequestMappingHandlerMapping ==== Mapped "{[/error]}" onto public org.springframework.http.ResponseEntity<java.util.Map<java.lang.String, java.lang.Object>> org.springframework.boot.autoconfigure.web.servlet.error.BasicErrorController.error(javax.servlet.http.HttpServletRequest)
2018-09-08 === [main] === INFO  === o.s.w.s.m.m.a.RequestMappingHandlerMapping ==== Mapped "{[/error],produces=[text/html]}" onto public org.springframework.web.servlet.ModelAndView org.springframework.boot.autoconfigure.web.servlet.error.BasicErrorController.errorHtml(javax.servlet.http.HttpServletRequest,javax.servlet.http.HttpServletResponse)
2018-09-08 === [main] === INFO  === o.s.web.servlet.handler.SimpleUrlHandlerMapping ==== Mapped URL path [/webjars/**] onto handler of type [class org.springframework.web.servlet.resource.ResourceHttpRequestHandler]
2018-09-08 === [main] === INFO  === o.s.web.servlet.handler.SimpleUrlHandlerMapping ==== Mapped URL path [/**] onto handler of type [class org.springframework.web.servlet.resource.ResourceHttpRequestHandler]
2018-09-08 === [main] === INFO  === com.ly.SpringBoot03LoggingApplicationTests ==== Started SpringBoot03LoggingApplicationTests in 3.35 seconds (JVM running for 4.442)
2018-09-08 === [main] === TRACE === com.ly.SpringBoot03LoggingApplicationTests ==== 这是trace
2018-09-08 === [main] === DEBUG === com.ly.SpringBoot03LoggingApplicationTests ==== 这是debug
2018-09-08 === [main] === INFO  === com.ly.SpringBoot03LoggingApplicationTests ==== 这是info
2018-09-08 === [main] === WARN  === com.ly.SpringBoot03LoggingApplicationTests ==== 这是warn
2018-09-08 === [main] === ERROR === com.ly.SpringBoot03LoggingApplicationTests ==== 这是error
2018-09-08 === [Thread-2] === INFO  === o.s.w.context.support.GenericWebApplicationContext ==== Closing org.springframework.web.context.support.GenericWebApplicationContext@19e4653c: startup date [Sat Sep 08 17:41:11 CST 2018]; root of context hierarchy
